[INFO ] 2020-05-23 18:37:10,805 --main-- [com.bxl.springbootelasticjobdemo.SpringbootElasticjobDemoApplication] Starting SpringbootElasticjobDemoApplication on DESKTOP-K7N77QP with PID 8708 (D:\github_space\springboot-elasticjob-demo\target\classes started by HP in D:\github_space\springboot-elasticjob-demo) 
[INFO ] 2020-05-23 18:37:10,815 --main-- [com.bxl.springbootelasticjobdemo.SpringbootElasticjobDemoApplication] The following profiles are active: env1 
[INFO ] 2020-05-23 18:37:13,366 --main-- [org.springframework.boot.web.embedded.tomcat.TomcatWebServer] Tomcat initialized with port(s): 8066 (http) 
[INFO ] 2020-05-23 18:37:13,397 --main-- [org.apache.coyote.http11.Http11NioProtocol] Initializing ProtocolHandler ["http-nio-8066"] 
[INFO ] 2020-05-23 18:37:13,398 --main-- [org.apache.catalina.core.StandardService] Starting service [Tomcat] 
[INFO ] 2020-05-23 18:37:13,404 --main-- [org.apache.catalina.core.StandardEngine] Starting Servlet engine: [Apache Tomcat/9.0.34] 
[INFO ] 2020-05-23 18:37:13,546 --main-- [org.apache.catalina.core.ContainerBase.[Tomcat].[localhost].[/elastic]] Initializing Spring embedded WebApplicationContext 
[INFO ] 2020-05-23 18:37:13,547 --main-- [org.springframework.web.context.ContextLoader] Root WebApplicationContext: initialization completed in 2624 ms 
[INFO ] 2020-05-23 18:37:13,762 --main-- [org.apache.curator.framework.imps.CuratorFrameworkImpl] Starting 
[INFO ] 2020-05-23 18:37:13,775 --main-- [org.apache.zookeeper.ZooKeeper] Client environment:zookeeper.version=3.4.6-1569965, built on 02/20/2014 09:09 GMT 
[INFO ] 2020-05-23 18:37:13,776 --main-- [org.apache.zookeeper.ZooKeeper] Client environment:host.name=DESKTOP-K7N77QP 
[INFO ] 2020-05-23 18:37:13,776 --main-- [org.apache.zookeeper.ZooKeeper] Client environment:java.version=11.0.2 
[INFO ] 2020-05-23 18:37:13,776 --main-- [org.apache.zookeeper.ZooKeeper] Client environment:java.vendor=Oracle Corporation 
[INFO ] 2020-05-23 18:37:13,776 --main-- [org.apache.zookeeper.ZooKeeper] Client environment:java.home=D:\jdk-11.0.2 
[INFO ] 2020-05-23 18:37:13,776 --main-- [org.apache.zookeeper.ZooKeeper] Client environment:java.class.path=D:\github_space\springboot-elasticjob-demo\target\classes;D:\maven_repository\org\springframework\boot\spring-boot-starter\2.2.7.RELEASE\spring-boot-starter-2.2.7.RELEASE.jar;D:\maven_repository\org\springframework\boot\spring-boot\2.2.7.RELEASE\spring-boot-2.2.7.RELEASE.jar;D:\maven_repository\org\springframework\spring-context\5.2.6.RELEASE\spring-context-5.2.6.RELEASE.jar;D:\maven_repository\org\springframework\boot\spring-boot-autoconfigure\2.2.7.RELEASE\spring-boot-autoconfigure-2.2.7.RELEASE.jar;D:\maven_repository\org\springframework\boot\spring-boot-starter-logging\2.2.7.RELEASE\spring-boot-starter-logging-2.2.7.RELEASE.jar;D:\maven_repository\org\apache\logging\log4j\log4j-to-slf4j\2.12.1\log4j-to-slf4j-2.12.1.jar;D:\maven_repository\org\apache\logging\log4j\log4j-api\2.12.1\log4j-api-2.12.1.jar;D:\maven_repository\org\slf4j\jul-to-slf4j\1.7.30\jul-to-slf4j-1.7.30.jar;D:\maven_repository\jakarta\annotation\jakarta.annotation-api\1.3.5\jakarta.annotation-api-1.3.5.jar;D:\maven_repository\org\springframework\spring-core\5.2.6.RELEASE\spring-core-5.2.6.RELEASE.jar;D:\maven_repository\org\springframework\spring-jcl\5.2.6.RELEASE\spring-jcl-5.2.6.RELEASE.jar;D:\maven_repository\org\yaml\snakeyaml\1.25\snakeyaml-1.25.jar;D:\maven_repository\org\springframework\boot\spring-boot-starter-web\2.2.7.RELEASE\spring-boot-starter-web-2.2.7.RELEASE.jar;D:\maven_repository\org\springframework\boot\spring-boot-starter-json\2.2.7.RELEASE\spring-boot-starter-json-2.2.7.RELEASE.jar;D:\maven_repository\com\fasterxml\jackson\core\jackson-databind\2.10.4\jackson-databind-2.10.4.jar;D:\maven_repository\com\fasterxml\jackson\core\jackson-annotations\2.10.4\jackson-annotations-2.10.4.jar;D:\maven_repository\com\fasterxml\jackson\core\jackson-core\2.10.4\jackson-core-2.10.4.jar;D:\maven_repository\com\fasterxml\jackson\datatype\jackson-datatype-jdk8\2.10.4\jackson-datatype-jdk8-2.10.4.jar;D:\maven_repository\com\fasterxml\jackson\datatype\jackson-datatype-jsr310\2.10.4\jackson-datatype-jsr310-2.10.4.jar;D:\maven_repository\com\fasterxml\jackson\module\jackson-module-parameter-names\2.10.4\jackson-module-parameter-names-2.10.4.jar;D:\maven_repository\org\springframework\boot\spring-boot-starter-tomcat\2.2.7.RELEASE\spring-boot-starter-tomcat-2.2.7.RELEASE.jar;D:\maven_repository\org\apache\tomcat\embed\tomcat-embed-core\9.0.34\tomcat-embed-core-9.0.34.jar;D:\maven_repository\org\apache\tomcat\embed\tomcat-embed-el\9.0.34\tomcat-embed-el-9.0.34.jar;D:\maven_repository\org\apache\tomcat\embed\tomcat-embed-websocket\9.0.34\tomcat-embed-websocket-9.0.34.jar;D:\maven_repository\org\springframework\boot\spring-boot-starter-validation\2.2.7.RELEASE\spring-boot-starter-validation-2.2.7.RELEASE.jar;D:\maven_repository\jakarta\validation\jakarta.validation-api\2.0.2\jakarta.validation-api-2.0.2.jar;D:\maven_repository\org\hibernate\validator\hibernate-validator\6.0.19.Final\hibernate-validator-6.0.19.Final.jar;D:\maven_repository\org\jboss\logging\jboss-logging\3.4.1.Final\jboss-logging-3.4.1.Final.jar;D:\maven_repository\com\fasterxml\classmate\1.5.1\classmate-1.5.1.jar;D:\maven_repository\org\springframework\spring-web\5.2.6.RELEASE\spring-web-5.2.6.RELEASE.jar;D:\maven_repository\org\springframework\spring-beans\5.2.6.RELEASE\spring-beans-5.2.6.RELEASE.jar;D:\maven_repository\org\springframework\spring-webmvc\5.2.6.RELEASE\spring-webmvc-5.2.6.RELEASE.jar;D:\maven_repository\org\springframework\spring-aop\5.2.6.RELEASE\spring-aop-5.2.6.RELEASE.jar;D:\maven_repository\org\springframework\spring-expression\5.2.6.RELEASE\spring-expression-5.2.6.RELEASE.jar;D:\maven_repository\org\projectlombok\lombok\1.18.12\lombok-1.18.12.jar;D:\maven_repository\com\dangdang\elastic-job-lite-core\2.1.5\elastic-job-lite-core-2.1.5.jar;D:\maven_repository\com\dangdang\elastic-job-common-core\2.1.5\elastic-job-common-core-2.1.5.jar;D:\maven_repository\com\google\guava\guava\18.0\guava-18.0.jar;D:\maven_repository\org\apache\curator\curator-framework\2.10.0\curator-framework-2.10.0.jar;D:\maven_repository\org\apache\curator\curator-client\2.10.0\curator-client-2.10.0.jar;D:\maven_repository\org\apache\zookeeper\zookeeper\3.4.6\zookeeper-3.4.6.jar;D:\maven_repository\log4j\log4j\1.2.16\log4j-1.2.16.jar;D:\maven_repository\jline\jline\0.9.94\jline-0.9.94.jar;D:\maven_repository\io\netty\netty\3.7.0.Final\netty-3.7.0.Final.jar;D:\maven_repository\org\apache\curator\curator-recipes\2.10.0\curator-recipes-2.10.0.jar;D:\maven_repository\com\google\code\gson\gson\2.8.6\gson-2.8.6.jar;D:\maven_repository\org\quartz-scheduler\quartz\2.3.2\quartz-2.3.2.jar;D:\maven_repository\com\mchange\mchange-commons-java\0.2.15\mchange-commons-java-0.2.15.jar;D:\maven_repository\org\apache\commons\commons-lang3\3.9\commons-lang3-3.9.jar;D:\maven_repository\org\apache\commons\commons-exec\1.3\commons-exec-1.3.jar;D:\maven_repository\com\dangdang\elastic-job-lite-spring\2.1.5\elastic-job-lite-spring-2.1.5.jar;D:\maven_repository\com\dangdang\elastic-job-lite-console\2.1.5\elastic-job-lite-console-2.1.5.jar;D:\maven_repository\com\dangdang\elastic-job-lite-lifecycle\2.1.5\elastic-job-lite-lifecycle-2.1.5.jar;D:\maven_repository\com\dangdang\elastic-job-common-restful\2.1.5\elastic-job-common-restful-2.1.5.jar;D:\maven_repository\commons-codec\commons-codec\1.13\commons-codec-1.13.jar;D:\maven_repository\com\sun\jersey\jersey-servlet\1.19\jersey-servlet-1.19.jar;D:\maven_repository\com\sun\jersey\jersey-server\1.19\jersey-server-1.19.jar;D:\maven_repository\com\sun\jersey\jersey-json\1.19\jersey-json-1.19.jar;D:\maven_repository\org\codehaus\jettison\jettison\1.1\jettison-1.1.jar;D:\maven_repository\com\sun\xml\bind\jaxb-impl\2.2.3-1\jaxb-impl-2.2.3-1.jar;D:\maven_repository\javax\xml\bind\jaxb-api\2.3.1\jaxb-api-2.3.1.jar;D:\maven_repository\javax\activation\javax.activation-api\1.2.0\javax.activation-api-1.2.0.jar;D:\maven_repository\org\codehaus\jackson\jackson-core-asl\1.9.2\jackson-core-asl-1.9.2.jar;D:\maven_repository\org\codehaus\jackson\jackson-mapper-asl\1.9.2\jackson-mapper-asl-1.9.2.jar;D:\maven_repository\org\codehaus\jackson\jackson-jaxrs\1.9.2\jackson-jaxrs-1.9.2.jar;D:\maven_repository\org\codehaus\jackson\jackson-xc\1.9.2\jackson-xc-1.9.2.jar;D:\maven_repository\com\sun\jersey\jersey-core\1.19\jersey-core-1.19.jar;D:\maven_repository\javax\ws\rs\jsr311-api\1.1.1\jsr311-api-1.1.1.jar;D:\maven_repository\com\sun\jersey\jersey-client\1.19\jersey-client-1.19.jar;D:\maven_repository\org\eclipse\jetty\aggregate\jetty-all-server\8.1.19.v20160209\jetty-all-server-8.1.19.v20160209.jar;D:\maven_repository\org\eclipse\jetty\orbit\javax.servlet\3.0.0.v201112011016\javax.servlet-3.0.0.v201112011016.jar;D:\maven_repository\org\eclipse\jetty\orbit\javax.security.auth.message\1.0.0.v201108011116\javax.security.auth.message-1.0.0.v201108011116.jar;D:\maven_repository\org\eclipse\jetty\orbit\javax.mail.glassfish\1.4.1.v201005082020\javax.mail.glassfish-1.4.1.v201005082020.jar;D:\maven_repository\org\eclipse\jetty\orbit\javax.activation\1.1.0.v201105071233\javax.activation-1.1.0.v201105071233.jar;D:\maven_repository\org\eclipse\jetty\orbit\javax.annotation\1.1.0.v201108011116\javax.annotation-1.1.0.v201108011116.jar;D:\maven_repository\org\slf4j\slf4j-api\1.7.30\slf4j-api-1.7.30.jar;D:\maven_repository\org\slf4j\jcl-over-slf4j\1.7.30\jcl-over-slf4j-1.7.30.jar;D:\maven_repository\org\slf4j\log4j-over-slf4j\1.7.30\log4j-over-slf4j-1.7.30.jar;D:\maven_repository\ch\qos\logback\logback-classic\1.2.3\logback-classic-1.2.3.jar;D:\maven_repository\ch\qos\logback\logback-core\1.2.3\logback-core-1.2.3.jar;D:\maven_repository\commons-dbcp\commons-dbcp\1.4\commons-dbcp-1.4.jar;D:\maven_repository\commons-pool\commons-pool\1.6\commons-pool-1.6.jar;D:\maven_repository\mysql\mysql-connector-java\8.0.20\mysql-connector-java-8.0.20.jar;D:\Program Files\JetBrains\IntelliJ IDEA 2019.2.4\lib\idea_rt.jar 
[INFO ] 2020-05-23 18:37:13,776 --main-- [org.apache.zookeeper.ZooKeeper] Client environment:java.library.path=D:\jdk-11.0.2\bin;C:\Windows\Sun\Java\bin;C:\Windows\system32;C:\Windows;C:\Windows\system32;C:\Windows;C:\Windows\System32\Wbem;C:\Windows\System32\WindowsPowerShell\v1.0\;C:\Windows\System32\OpenSSH\;D:\Program Files\Java\jdk1.8.0_51\bin;D:\apache-maven-3.2.5\apache-maven-3.2.5\bin;D:\Program Files (x86)\Git\bin;d:\Program Files\Git\cmd;D:\Programs\scala-2.11.12\bin;D:\Programs\python3.5.3;d:\Program Files\erl10.3\bin;D:\sbt\bin;C:\Users\HP\AppData\Local\Mozilla Firefox;C:\Program Files (x86)\Common Files\Oracle\Java\javapath;C:\Users\HP\AppData\Local\Microsoft\WindowsApps;C:\Users\HP\AppData\Local\BypassRuntm;. 
[INFO ] 2020-05-23 18:37:13,776 --main-- [org.apache.zookeeper.ZooKeeper] Client environment:java.io.tmpdir=C:\Users\HP\AppData\Local\Temp\ 
[INFO ] 2020-05-23 18:37:13,776 --main-- [org.apache.zookeeper.ZooKeeper] Client environment:java.compiler=<NA> 
[INFO ] 2020-05-23 18:37:13,776 --main-- [org.apache.zookeeper.ZooKeeper] Client environment:os.name=Windows 10 
[INFO ] 2020-05-23 18:37:13,776 --main-- [org.apache.zookeeper.ZooKeeper] Client environment:os.arch=amd64 
[INFO ] 2020-05-23 18:37:13,776 --main-- [org.apache.zookeeper.ZooKeeper] Client environment:os.version=10.0 
[INFO ] 2020-05-23 18:37:13,776 --main-- [org.apache.zookeeper.ZooKeeper] Client environment:user.name=HP 
[INFO ] 2020-05-23 18:37:13,776 --main-- [org.apache.zookeeper.ZooKeeper] Client environment:user.home=C:\Users\HP 
[INFO ] 2020-05-23 18:37:13,777 --main-- [org.apache.zookeeper.ZooKeeper] Client environment:user.dir=D:\github_space\springboot-elasticjob-demo 
[INFO ] 2020-05-23 18:37:13,779 --main-- [org.apache.zookeeper.ZooKeeper] Initiating client connection, connectString=localhost:2181 sessionTimeout=60000 watcher=org.apache.curator.ConnectionState@630390b9 
[INFO ] 2020-05-23 18:37:13,819 --main-SendThread(0:0:0:0:0:0:0:1:2181)-- [org.apache.zookeeper.ClientCnxn] Opening socket connection to server 0:0:0:0:0:0:0:1/0:0:0:0:0:0:0:1:2181. Will not attempt to authenticate using SASL (unknown error) 
[WARN ] 2020-05-23 18:37:15,867 --main-SendThread(0:0:0:0:0:0:0:1:2181)-- [org.apache.zookeeper.ClientCnxn] Session 0x0 for server null, unexpected error, closing socket connection and attempting reconnect 
java.net.ConnectException: Connection refused: no further information
	at java.base/sun.nio.ch.SocketChannelImpl.checkConnect(Native Method)
	at java.base/sun.nio.ch.SocketChannelImpl.finishConnect(SocketChannelImpl.java:779)
	at org.apache.zookeeper.ClientCnxnSocketNIO.doTransport(ClientCnxnSocketNIO.java:361)
	at org.apache.zookeeper.ClientCnxn$SendThread.run(ClientCnxn.java:1081)
[INFO ] 2020-05-23 18:37:15,968 --main-SendThread(127.0.0.1:2181)-- [org.apache.zookeeper.ClientCnxn] Opening socket connection to server 127.0.0.1/127.0.0.1:2181. Will not attempt to authenticate using SASL (unknown error) 
[WARN ] 2020-05-23 18:37:17,971 --main-SendThread(127.0.0.1:2181)-- [org.apache.zookeeper.ClientCnxn] Session 0x0 for server null, unexpected error, closing socket connection and attempting reconnect 
java.net.ConnectException: Connection refused: no further information
	at java.base/sun.nio.ch.SocketChannelImpl.checkConnect(Native Method)
	at java.base/sun.nio.ch.SocketChannelImpl.finishConnect(SocketChannelImpl.java:779)
	at org.apache.zookeeper.ClientCnxnSocketNIO.doTransport(ClientCnxnSocketNIO.java:361)
	at org.apache.zookeeper.ClientCnxn$SendThread.run(ClientCnxn.java:1081)
[INFO ] 2020-05-23 18:37:19,073 --main-SendThread(0:0:0:0:0:0:0:1:2181)-- [org.apache.zookeeper.ClientCnxn] Opening socket connection to server 0:0:0:0:0:0:0:1/0:0:0:0:0:0:0:1:2181. Will not attempt to authenticate using SASL (unknown error) 
[WARN ] 2020-05-23 18:37:21,082 --main-SendThread(0:0:0:0:0:0:0:1:2181)-- [org.apache.zookeeper.ClientCnxn] Session 0x0 for server null, unexpected error, closing socket connection and attempting reconnect 
java.net.ConnectException: Connection refused: no further information
	at java.base/sun.nio.ch.SocketChannelImpl.checkConnect(Native Method)
	at java.base/sun.nio.ch.SocketChannelImpl.finishConnect(SocketChannelImpl.java:779)
	at org.apache.zookeeper.ClientCnxnSocketNIO.doTransport(ClientCnxnSocketNIO.java:361)
	at org.apache.zookeeper.ClientCnxn$SendThread.run(ClientCnxn.java:1081)
[INFO ] 2020-05-23 18:37:21,182 --main-SendThread(127.0.0.1:2181)-- [org.apache.zookeeper.ClientCnxn] Opening socket connection to server 127.0.0.1/127.0.0.1:2181. Will not attempt to authenticate using SASL (unknown error) 
[INFO ] 2020-05-23 18:37:22,808 --Curator-Framework-0-- [org.apache.curator.framework.imps.CuratorFrameworkImpl] backgroundOperationsLoop exiting 
[INFO ] 2020-05-23 18:37:23,288 --main-- [org.apache.zookeeper.ZooKeeper] Session: 0x0 closed 
[INFO ] 2020-05-23 18:37:23,288 --main-EventThread-- [org.apache.zookeeper.ClientCnxn] EventThread shut down 
[WARN ] 2020-05-23 18:37:23,292 --main-- [org.springframework.boot.web.servlet.context.AnnotationConfigServletWebServerApplicationContext] Exception encountered during context initialization - cancelling refresh attempt: org.springframework.beans.factory.BeanCreationException: Error creating bean with name 'regCenter': Invocation of init method failed; nested exception is com.dangdang.ddframe.job.reg.exception.RegException: org.apache.zookeeper.KeeperException$OperationTimeoutException: KeeperErrorCode = OperationTimeout 
[INFO ] 2020-05-23 18:37:23,296 --main-- [org.apache.catalina.core.StandardService] Stopping service [Tomcat] 
[INFO ] 2020-05-23 18:37:23,363 --main-- [org.springframework.boot.autoconfigure.logging.ConditionEvaluationReportLoggingListener] 

Error starting ApplicationContext. To display the conditions report re-run your application with 'debug' enabled. 
[ERROR] 2020-05-23 18:37:23,369 --main-- [org.springframework.boot.SpringApplication] Application run failed 
org.springframework.beans.factory.BeanCreationException: Error creating bean with name 'regCenter': Invocation of init method failed; nested exception is com.dangdang.ddframe.job.reg.exception.RegException: org.apache.zookeeper.KeeperException$OperationTimeoutException: KeeperErrorCode = OperationTimeout
	at org.springframework.beans.factory.support.AbstractAutowireCapableBeanFactory.initializeBean(AbstractAutowireCapableBeanFactory.java:1796)
	at org.springframework.beans.factory.support.AbstractAutowireCapableBeanFactory.doCreateBean(AbstractAutowireCapableBeanFactory.java:595)
	at org.springframework.beans.factory.support.AbstractAutowireCapableBeanFactory.createBean(AbstractAutowireCapableBeanFactory.java:517)
	at org.springframework.beans.factory.support.AbstractBeanFactory.lambda$doGetBean$0(AbstractBeanFactory.java:323)
	at org.springframework.beans.factory.support.DefaultSingletonBeanRegistry.getSingleton(DefaultSingletonBeanRegistry.java:226)
	at org.springframework.beans.factory.support.AbstractBeanFactory.doGetBean(AbstractBeanFactory.java:321)
	at org.springframework.beans.factory.support.AbstractBeanFactory.getBean(AbstractBeanFactory.java:202)
	at org.springframework.beans.factory.support.DefaultListableBeanFactory.preInstantiateSingletons(DefaultListableBeanFactory.java:895)
	at org.springframework.context.support.AbstractApplicationContext.finishBeanFactoryInitialization(AbstractApplicationContext.java:878)
	at org.springframework.context.support.AbstractApplicationContext.refresh(AbstractApplicationContext.java:550)
	at org.springframework.boot.web.servlet.context.ServletWebServerApplicationContext.refresh(ServletWebServerApplicationContext.java:141)
	at org.springframework.boot.SpringApplication.refresh(SpringApplication.java:747)
	at org.springframework.boot.SpringApplication.refreshContext(SpringApplication.java:397)
	at org.springframework.boot.SpringApplication.run(SpringApplication.java:315)
	at org.springframework.boot.SpringApplication.run(SpringApplication.java:1226)
	at org.springframework.boot.SpringApplication.run(SpringApplication.java:1215)
	at com.bxl.springbootelasticjobdemo.SpringbootElasticjobDemoApplication.main(SpringbootElasticjobDemoApplication.java:12)
Caused by: com.dangdang.ddframe.job.reg.exception.RegException: org.apache.zookeeper.KeeperException$OperationTimeoutException: KeeperErrorCode = OperationTimeout
	at com.dangdang.ddframe.job.reg.exception.RegExceptionHandler.handleException(RegExceptionHandler.java:52)
	at com.dangdang.ddframe.job.reg.zookeeper.ZookeeperRegistryCenter.init(ZookeeperRegistryCenter.java:107)
	at java.base/jdk.internal.reflect.NativeMethodAccessorImpl.invoke0(Native Method)
	at java.base/jdk.internal.reflect.NativeMethodAccessorImpl.invoke(NativeMethodAccessorImpl.java:62)
	at java.base/jdk.internal.reflect.DelegatingMethodAccessorImpl.invoke(DelegatingMethodAccessorImpl.java:43)
	at java.base/java.lang.reflect.Method.invoke(Method.java:566)
	at org.springframework.beans.factory.support.AbstractAutowireCapableBeanFactory.invokeCustomInitMethod(AbstractAutowireCapableBeanFactory.java:1922)
	at org.springframework.beans.factory.support.AbstractAutowireCapableBeanFactory.invokeInitMethods(AbstractAutowireCapableBeanFactory.java:1864)
	at org.springframework.beans.factory.support.AbstractAutowireCapableBeanFactory.initializeBean(AbstractAutowireCapableBeanFactory.java:1792)
	... 16 common frames omitted
Caused by: org.apache.zookeeper.KeeperException$OperationTimeoutException: KeeperErrorCode = OperationTimeout
	at com.dangdang.ddframe.job.reg.zookeeper.ZookeeperRegistryCenter.init(ZookeeperRegistryCenter.java:102)
	... 23 common frames omitted
[INFO ] 2020-05-23 18:49:08,704 --main-- [com.bxl.springbootelasticjobdemo.SpringbootElasticjobDemoApplication] Starting SpringbootElasticjobDemoApplication on DESKTOP-K7N77QP with PID 11300 (D:\github_space\springboot-elasticjob-demo\target\classes started by HP in D:\github_space\springboot-elasticjob-demo) 
[INFO ] 2020-05-23 18:49:08,707 --main-- [com.bxl.springbootelasticjobdemo.SpringbootElasticjobDemoApplication] The following profiles are active: env1 
[INFO ] 2020-05-23 18:49:10,074 --main-- [org.springframework.boot.web.embedded.tomcat.TomcatWebServer] Tomcat initialized with port(s): 8066 (http) 
[INFO ] 2020-05-23 18:49:10,082 --main-- [org.apache.coyote.http11.Http11NioProtocol] Initializing ProtocolHandler ["http-nio-8066"] 
[INFO ] 2020-05-23 18:49:10,083 --main-- [org.apache.catalina.core.StandardService] Starting service [Tomcat] 
[INFO ] 2020-05-23 18:49:10,084 --main-- [org.apache.catalina.core.StandardEngine] Starting Servlet engine: [Apache Tomcat/9.0.34] 
[INFO ] 2020-05-23 18:49:10,173 --main-- [org.apache.catalina.core.ContainerBase.[Tomcat].[localhost].[/elastic]] Initializing Spring embedded WebApplicationContext 
[INFO ] 2020-05-23 18:49:10,175 --main-- [org.springframework.web.context.ContextLoader] Root WebApplicationContext: initialization completed in 1416 ms 
[INFO ] 2020-05-23 18:49:10,254 --main-- [org.apache.curator.framework.imps.CuratorFrameworkImpl] Starting 
[INFO ] 2020-05-23 18:49:10,260 --main-- [org.apache.zookeeper.ZooKeeper] Client environment:zookeeper.version=3.4.6-1569965, built on 02/20/2014 09:09 GMT 
[INFO ] 2020-05-23 18:49:10,260 --main-- [org.apache.zookeeper.ZooKeeper] Client environment:host.name=DESKTOP-K7N77QP 
[INFO ] 2020-05-23 18:49:10,260 --main-- [org.apache.zookeeper.ZooKeeper] Client environment:java.version=11.0.2 
[INFO ] 2020-05-23 18:49:10,260 --main-- [org.apache.zookeeper.ZooKeeper] Client environment:java.vendor=Oracle Corporation 
[INFO ] 2020-05-23 18:49:10,260 --main-- [org.apache.zookeeper.ZooKeeper] Client environment:java.home=D:\jdk-11.0.2 
[INFO ] 2020-05-23 18:49:10,260 --main-- [org.apache.zookeeper.ZooKeeper] Client environment:java.class.path=D:\github_space\springboot-elasticjob-demo\target\classes;D:\maven_repository\org\springframework\boot\spring-boot-starter\2.2.7.RELEASE\spring-boot-starter-2.2.7.RELEASE.jar;D:\maven_repository\org\springframework\boot\spring-boot\2.2.7.RELEASE\spring-boot-2.2.7.RELEASE.jar;D:\maven_repository\org\springframework\spring-context\5.2.6.RELEASE\spring-context-5.2.6.RELEASE.jar;D:\maven_repository\org\springframework\boot\spring-boot-autoconfigure\2.2.7.RELEASE\spring-boot-autoconfigure-2.2.7.RELEASE.jar;D:\maven_repository\org\springframework\boot\spring-boot-starter-logging\2.2.7.RELEASE\spring-boot-starter-logging-2.2.7.RELEASE.jar;D:\maven_repository\org\apache\logging\log4j\log4j-to-slf4j\2.12.1\log4j-to-slf4j-2.12.1.jar;D:\maven_repository\org\apache\logging\log4j\log4j-api\2.12.1\log4j-api-2.12.1.jar;D:\maven_repository\org\slf4j\jul-to-slf4j\1.7.30\jul-to-slf4j-1.7.30.jar;D:\maven_repository\jakarta\annotation\jakarta.annotation-api\1.3.5\jakarta.annotation-api-1.3.5.jar;D:\maven_repository\org\springframework\spring-core\5.2.6.RELEASE\spring-core-5.2.6.RELEASE.jar;D:\maven_repository\org\springframework\spring-jcl\5.2.6.RELEASE\spring-jcl-5.2.6.RELEASE.jar;D:\maven_repository\org\yaml\snakeyaml\1.25\snakeyaml-1.25.jar;D:\maven_repository\org\springframework\boot\spring-boot-starter-web\2.2.7.RELEASE\spring-boot-starter-web-2.2.7.RELEASE.jar;D:\maven_repository\org\springframework\boot\spring-boot-starter-json\2.2.7.RELEASE\spring-boot-starter-json-2.2.7.RELEASE.jar;D:\maven_repository\com\fasterxml\jackson\core\jackson-databind\2.10.4\jackson-databind-2.10.4.jar;D:\maven_repository\com\fasterxml\jackson\core\jackson-annotations\2.10.4\jackson-annotations-2.10.4.jar;D:\maven_repository\com\fasterxml\jackson\core\jackson-core\2.10.4\jackson-core-2.10.4.jar;D:\maven_repository\com\fasterxml\jackson\datatype\jackson-datatype-jdk8\2.10.4\jackson-datatype-jdk8-2.10.4.jar;D:\maven_repository\com\fasterxml\jackson\datatype\jackson-datatype-jsr310\2.10.4\jackson-datatype-jsr310-2.10.4.jar;D:\maven_repository\com\fasterxml\jackson\module\jackson-module-parameter-names\2.10.4\jackson-module-parameter-names-2.10.4.jar;D:\maven_repository\org\springframework\boot\spring-boot-starter-tomcat\2.2.7.RELEASE\spring-boot-starter-tomcat-2.2.7.RELEASE.jar;D:\maven_repository\org\apache\tomcat\embed\tomcat-embed-core\9.0.34\tomcat-embed-core-9.0.34.jar;D:\maven_repository\org\apache\tomcat\embed\tomcat-embed-el\9.0.34\tomcat-embed-el-9.0.34.jar;D:\maven_repository\org\apache\tomcat\embed\tomcat-embed-websocket\9.0.34\tomcat-embed-websocket-9.0.34.jar;D:\maven_repository\org\springframework\boot\spring-boot-starter-validation\2.2.7.RELEASE\spring-boot-starter-validation-2.2.7.RELEASE.jar;D:\maven_repository\jakarta\validation\jakarta.validation-api\2.0.2\jakarta.validation-api-2.0.2.jar;D:\maven_repository\org\hibernate\validator\hibernate-validator\6.0.19.Final\hibernate-validator-6.0.19.Final.jar;D:\maven_repository\org\jboss\logging\jboss-logging\3.4.1.Final\jboss-logging-3.4.1.Final.jar;D:\maven_repository\com\fasterxml\classmate\1.5.1\classmate-1.5.1.jar;D:\maven_repository\org\springframework\spring-web\5.2.6.RELEASE\spring-web-5.2.6.RELEASE.jar;D:\maven_repository\org\springframework\spring-beans\5.2.6.RELEASE\spring-beans-5.2.6.RELEASE.jar;D:\maven_repository\org\springframework\spring-webmvc\5.2.6.RELEASE\spring-webmvc-5.2.6.RELEASE.jar;D:\maven_repository\org\springframework\spring-aop\5.2.6.RELEASE\spring-aop-5.2.6.RELEASE.jar;D:\maven_repository\org\springframework\spring-expression\5.2.6.RELEASE\spring-expression-5.2.6.RELEASE.jar;D:\maven_repository\org\projectlombok\lombok\1.18.12\lombok-1.18.12.jar;D:\maven_repository\com\dangdang\elastic-job-lite-core\2.1.5\elastic-job-lite-core-2.1.5.jar;D:\maven_repository\com\dangdang\elastic-job-common-core\2.1.5\elastic-job-common-core-2.1.5.jar;D:\maven_repository\com\google\guava\guava\18.0\guava-18.0.jar;D:\maven_repository\org\apache\curator\curator-framework\2.10.0\curator-framework-2.10.0.jar;D:\maven_repository\org\apache\curator\curator-client\2.10.0\curator-client-2.10.0.jar;D:\maven_repository\org\apache\zookeeper\zookeeper\3.4.6\zookeeper-3.4.6.jar;D:\maven_repository\log4j\log4j\1.2.16\log4j-1.2.16.jar;D:\maven_repository\jline\jline\0.9.94\jline-0.9.94.jar;D:\maven_repository\io\netty\netty\3.7.0.Final\netty-3.7.0.Final.jar;D:\maven_repository\org\apache\curator\curator-recipes\2.10.0\curator-recipes-2.10.0.jar;D:\maven_repository\com\google\code\gson\gson\2.8.6\gson-2.8.6.jar;D:\maven_repository\org\quartz-scheduler\quartz\2.3.2\quartz-2.3.2.jar;D:\maven_repository\com\mchange\mchange-commons-java\0.2.15\mchange-commons-java-0.2.15.jar;D:\maven_repository\org\apache\commons\commons-lang3\3.9\commons-lang3-3.9.jar;D:\maven_repository\org\apache\commons\commons-exec\1.3\commons-exec-1.3.jar;D:\maven_repository\com\dangdang\elastic-job-lite-spring\2.1.5\elastic-job-lite-spring-2.1.5.jar;D:\maven_repository\com\dangdang\elastic-job-lite-console\2.1.5\elastic-job-lite-console-2.1.5.jar;D:\maven_repository\com\dangdang\elastic-job-lite-lifecycle\2.1.5\elastic-job-lite-lifecycle-2.1.5.jar;D:\maven_repository\com\dangdang\elastic-job-common-restful\2.1.5\elastic-job-common-restful-2.1.5.jar;D:\maven_repository\commons-codec\commons-codec\1.13\commons-codec-1.13.jar;D:\maven_repository\com\sun\jersey\jersey-servlet\1.19\jersey-servlet-1.19.jar;D:\maven_repository\com\sun\jersey\jersey-server\1.19\jersey-server-1.19.jar;D:\maven_repository\com\sun\jersey\jersey-json\1.19\jersey-json-1.19.jar;D:\maven_repository\org\codehaus\jettison\jettison\1.1\jettison-1.1.jar;D:\maven_repository\com\sun\xml\bind\jaxb-impl\2.2.3-1\jaxb-impl-2.2.3-1.jar;D:\maven_repository\javax\xml\bind\jaxb-api\2.3.1\jaxb-api-2.3.1.jar;D:\maven_repository\javax\activation\javax.activation-api\1.2.0\javax.activation-api-1.2.0.jar;D:\maven_repository\org\codehaus\jackson\jackson-core-asl\1.9.2\jackson-core-asl-1.9.2.jar;D:\maven_repository\org\codehaus\jackson\jackson-mapper-asl\1.9.2\jackson-mapper-asl-1.9.2.jar;D:\maven_repository\org\codehaus\jackson\jackson-jaxrs\1.9.2\jackson-jaxrs-1.9.2.jar;D:\maven_repository\org\codehaus\jackson\jackson-xc\1.9.2\jackson-xc-1.9.2.jar;D:\maven_repository\com\sun\jersey\jersey-core\1.19\jersey-core-1.19.jar;D:\maven_repository\javax\ws\rs\jsr311-api\1.1.1\jsr311-api-1.1.1.jar;D:\maven_repository\com\sun\jersey\jersey-client\1.19\jersey-client-1.19.jar;D:\maven_repository\org\eclipse\jetty\aggregate\jetty-all-server\8.1.19.v20160209\jetty-all-server-8.1.19.v20160209.jar;D:\maven_repository\org\eclipse\jetty\orbit\javax.servlet\3.0.0.v201112011016\javax.servlet-3.0.0.v201112011016.jar;D:\maven_repository\org\eclipse\jetty\orbit\javax.security.auth.message\1.0.0.v201108011116\javax.security.auth.message-1.0.0.v201108011116.jar;D:\maven_repository\org\eclipse\jetty\orbit\javax.mail.glassfish\1.4.1.v201005082020\javax.mail.glassfish-1.4.1.v201005082020.jar;D:\maven_repository\org\eclipse\jetty\orbit\javax.activation\1.1.0.v201105071233\javax.activation-1.1.0.v201105071233.jar;D:\maven_repository\org\eclipse\jetty\orbit\javax.annotation\1.1.0.v201108011116\javax.annotation-1.1.0.v201108011116.jar;D:\maven_repository\org\slf4j\slf4j-api\1.7.30\slf4j-api-1.7.30.jar;D:\maven_repository\org\slf4j\jcl-over-slf4j\1.7.30\jcl-over-slf4j-1.7.30.jar;D:\maven_repository\org\slf4j\log4j-over-slf4j\1.7.30\log4j-over-slf4j-1.7.30.jar;D:\maven_repository\ch\qos\logback\logback-classic\1.2.3\logback-classic-1.2.3.jar;D:\maven_repository\ch\qos\logback\logback-core\1.2.3\logback-core-1.2.3.jar;D:\maven_repository\commons-dbcp\commons-dbcp\1.4\commons-dbcp-1.4.jar;D:\maven_repository\commons-pool\commons-pool\1.6\commons-pool-1.6.jar;D:\maven_repository\mysql\mysql-connector-java\8.0.20\mysql-connector-java-8.0.20.jar;D:\Program Files\JetBrains\IntelliJ IDEA 2019.2.4\lib\idea_rt.jar 
[INFO ] 2020-05-23 18:49:10,260 --main-- [org.apache.zookeeper.ZooKeeper] Client environment:java.library.path=D:\jdk-11.0.2\bin;C:\Windows\Sun\Java\bin;C:\Windows\system32;C:\Windows;C:\Windows\system32;C:\Windows;C:\Windows\System32\Wbem;C:\Windows\System32\WindowsPowerShell\v1.0\;C:\Windows\System32\OpenSSH\;D:\Program Files\Java\jdk1.8.0_51\bin;D:\apache-maven-3.2.5\apache-maven-3.2.5\bin;D:\Program Files (x86)\Git\bin;d:\Program Files\Git\cmd;D:\Programs\scala-2.11.12\bin;D:\Programs\python3.5.3;d:\Program Files\erl10.3\bin;D:\sbt\bin;C:\Users\HP\AppData\Local\Mozilla Firefox;C:\Program Files (x86)\Common Files\Oracle\Java\javapath;C:\Users\HP\AppData\Local\Microsoft\WindowsApps;C:\Users\HP\AppData\Local\BypassRuntm;. 
[INFO ] 2020-05-23 18:49:10,260 --main-- [org.apache.zookeeper.ZooKeeper] Client environment:java.io.tmpdir=C:\Users\HP\AppData\Local\Temp\ 
[INFO ] 2020-05-23 18:49:10,260 --main-- [org.apache.zookeeper.ZooKeeper] Client environment:java.compiler=<NA> 
[INFO ] 2020-05-23 18:49:10,260 --main-- [org.apache.zookeeper.ZooKeeper] Client environment:os.name=Windows 10 
[INFO ] 2020-05-23 18:49:10,260 --main-- [org.apache.zookeeper.ZooKeeper] Client environment:os.arch=amd64 
[INFO ] 2020-05-23 18:49:10,261 --main-- [org.apache.zookeeper.ZooKeeper] Client environment:os.version=10.0 
[INFO ] 2020-05-23 18:49:10,261 --main-- [org.apache.zookeeper.ZooKeeper] Client environment:user.name=HP 
[INFO ] 2020-05-23 18:49:10,261 --main-- [org.apache.zookeeper.ZooKeeper] Client environment:user.home=C:\Users\HP 
[INFO ] 2020-05-23 18:49:10,261 --main-- [org.apache.zookeeper.ZooKeeper] Client environment:user.dir=D:\github_space\springboot-elasticjob-demo 
[INFO ] 2020-05-23 18:49:10,262 --main-- [org.apache.zookeeper.ZooKeeper] Initiating client connection, connectString=localhost:2181 sessionTimeout=60000 watcher=org.apache.curator.ConnectionState@939ff41 
[INFO ] 2020-05-23 18:49:10,285 --main-SendThread(127.0.0.1:2181)-- [org.apache.zookeeper.ClientCnxn] Opening socket connection to server 127.0.0.1/127.0.0.1:2181. Will not attempt to authenticate using SASL (unknown error) 
[WARN ] 2020-05-23 18:49:12,291 --main-SendThread(127.0.0.1:2181)-- [org.apache.zookeeper.ClientCnxn] Session 0x0 for server null, unexpected error, closing socket connection and attempting reconnect 
java.net.ConnectException: Connection refused: no further information
	at java.base/sun.nio.ch.SocketChannelImpl.checkConnect(Native Method)
	at java.base/sun.nio.ch.SocketChannelImpl.finishConnect(SocketChannelImpl.java:779)
	at org.apache.zookeeper.ClientCnxnSocketNIO.doTransport(ClientCnxnSocketNIO.java:361)
	at org.apache.zookeeper.ClientCnxn$SendThread.run(ClientCnxn.java:1081)
[INFO ] 2020-05-23 18:49:12,393 --main-SendThread(0:0:0:0:0:0:0:1:2181)-- [org.apache.zookeeper.ClientCnxn] Opening socket connection to server 0:0:0:0:0:0:0:1/0:0:0:0:0:0:0:1:2181. Will not attempt to authenticate using SASL (unknown error) 
[WARN ] 2020-05-23 18:49:14,394 --main-SendThread(0:0:0:0:0:0:0:1:2181)-- [org.apache.zookeeper.ClientCnxn] Session 0x0 for server null, unexpected error, closing socket connection and attempting reconnect 
java.net.ConnectException: Connection refused: no further information
	at java.base/sun.nio.ch.SocketChannelImpl.checkConnect(Native Method)
	at java.base/sun.nio.ch.SocketChannelImpl.finishConnect(SocketChannelImpl.java:779)
	at org.apache.zookeeper.ClientCnxnSocketNIO.doTransport(ClientCnxnSocketNIO.java:361)
	at org.apache.zookeeper.ClientCnxn$SendThread.run(ClientCnxn.java:1081)
[INFO ] 2020-05-23 18:49:15,495 --main-SendThread(127.0.0.1:2181)-- [org.apache.zookeeper.ClientCnxn] Opening socket connection to server 127.0.0.1/127.0.0.1:2181. Will not attempt to authenticate using SASL (unknown error) 
[WARN ] 2020-05-23 18:49:17,498 --main-SendThread(127.0.0.1:2181)-- [org.apache.zookeeper.ClientCnxn] Session 0x0 for server null, unexpected error, closing socket connection and attempting reconnect 
java.net.ConnectException: Connection refused: no further information
	at java.base/sun.nio.ch.SocketChannelImpl.checkConnect(Native Method)
	at java.base/sun.nio.ch.SocketChannelImpl.finishConnect(SocketChannelImpl.java:779)
	at org.apache.zookeeper.ClientCnxnSocketNIO.doTransport(ClientCnxnSocketNIO.java:361)
	at org.apache.zookeeper.ClientCnxn$SendThread.run(ClientCnxn.java:1081)
[INFO ] 2020-05-23 18:49:17,598 --main-SendThread(0:0:0:0:0:0:0:1:2181)-- [org.apache.zookeeper.ClientCnxn] Opening socket connection to server 0:0:0:0:0:0:0:1/0:0:0:0:0:0:0:1:2181. Will not attempt to authenticate using SASL (unknown error) 
[INFO ] 2020-05-23 18:49:19,286 --Curator-Framework-0-- [org.apache.curator.framework.imps.CuratorFrameworkImpl] backgroundOperationsLoop exiting 
[INFO ] 2020-05-23 18:49:19,702 --main-- [org.apache.zookeeper.ZooKeeper] Session: 0x0 closed 
[INFO ] 2020-05-23 18:49:19,702 --main-EventThread-- [org.apache.zookeeper.ClientCnxn] EventThread shut down 
[WARN ] 2020-05-23 18:49:19,705 --main-- [org.springframework.boot.web.servlet.context.AnnotationConfigServletWebServerApplicationContext] Exception encountered during context initialization - cancelling refresh attempt: org.springframework.beans.factory.BeanCreationException: Error creating bean with name 'regCenter': Invocation of init method failed; nested exception is com.dangdang.ddframe.job.reg.exception.RegException: org.apache.zookeeper.KeeperException$OperationTimeoutException: KeeperErrorCode = OperationTimeout 
[INFO ] 2020-05-23 18:49:19,708 --main-- [org.apache.catalina.core.StandardService] Stopping service [Tomcat] 
[INFO ] 2020-05-23 18:49:19,725 --main-- [org.springframework.boot.autoconfigure.logging.ConditionEvaluationReportLoggingListener] 

Error starting ApplicationContext. To display the conditions report re-run your application with 'debug' enabled. 
[ERROR] 2020-05-23 18:49:19,730 --main-- [org.springframework.boot.SpringApplication] Application run failed 
org.springframework.beans.factory.BeanCreationException: Error creating bean with name 'regCenter': Invocation of init method failed; nested exception is com.dangdang.ddframe.job.reg.exception.RegException: org.apache.zookeeper.KeeperException$OperationTimeoutException: KeeperErrorCode = OperationTimeout
	at org.springframework.beans.factory.support.AbstractAutowireCapableBeanFactory.initializeBean(AbstractAutowireCapableBeanFactory.java:1796)
	at org.springframework.beans.factory.support.AbstractAutowireCapableBeanFactory.doCreateBean(AbstractAutowireCapableBeanFactory.java:595)
	at org.springframework.beans.factory.support.AbstractAutowireCapableBeanFactory.createBean(AbstractAutowireCapableBeanFactory.java:517)
	at org.springframework.beans.factory.support.AbstractBeanFactory.lambda$doGetBean$0(AbstractBeanFactory.java:323)
	at org.springframework.beans.factory.support.DefaultSingletonBeanRegistry.getSingleton(DefaultSingletonBeanRegistry.java:226)
	at org.springframework.beans.factory.support.AbstractBeanFactory.doGetBean(AbstractBeanFactory.java:321)
	at org.springframework.beans.factory.support.AbstractBeanFactory.getBean(AbstractBeanFactory.java:202)
	at org.springframework.beans.factory.support.DefaultListableBeanFactory.preInstantiateSingletons(DefaultListableBeanFactory.java:895)
	at org.springframework.context.support.AbstractApplicationContext.finishBeanFactoryInitialization(AbstractApplicationContext.java:878)
	at org.springframework.context.support.AbstractApplicationContext.refresh(AbstractApplicationContext.java:550)
	at org.springframework.boot.web.servlet.context.ServletWebServerApplicationContext.refresh(ServletWebServerApplicationContext.java:141)
	at org.springframework.boot.SpringApplication.refresh(SpringApplication.java:747)
	at org.springframework.boot.SpringApplication.refreshContext(SpringApplication.java:397)
	at org.springframework.boot.SpringApplication.run(SpringApplication.java:315)
	at org.springframework.boot.SpringApplication.run(SpringApplication.java:1226)
	at org.springframework.boot.SpringApplication.run(SpringApplication.java:1215)
	at com.bxl.springbootelasticjobdemo.SpringbootElasticjobDemoApplication.main(SpringbootElasticjobDemoApplication.java:12)
Caused by: com.dangdang.ddframe.job.reg.exception.RegException: org.apache.zookeeper.KeeperException$OperationTimeoutException: KeeperErrorCode = OperationTimeout
	at com.dangdang.ddframe.job.reg.exception.RegExceptionHandler.handleException(RegExceptionHandler.java:52)
	at com.dangdang.ddframe.job.reg.zookeeper.ZookeeperRegistryCenter.init(ZookeeperRegistryCenter.java:107)
	at java.base/jdk.internal.reflect.NativeMethodAccessorImpl.invoke0(Native Method)
	at java.base/jdk.internal.reflect.NativeMethodAccessorImpl.invoke(NativeMethodAccessorImpl.java:62)
	at java.base/jdk.internal.reflect.DelegatingMethodAccessorImpl.invoke(DelegatingMethodAccessorImpl.java:43)
	at java.base/java.lang.reflect.Method.invoke(Method.java:566)
	at org.springframework.beans.factory.support.AbstractAutowireCapableBeanFactory.invokeCustomInitMethod(AbstractAutowireCapableBeanFactory.java:1922)
	at org.springframework.beans.factory.support.AbstractAutowireCapableBeanFactory.invokeInitMethods(AbstractAutowireCapableBeanFactory.java:1864)
	at org.springframework.beans.factory.support.AbstractAutowireCapableBeanFactory.initializeBean(AbstractAutowireCapableBeanFactory.java:1792)
	... 16 common frames omitted
Caused by: org.apache.zookeeper.KeeperException$OperationTimeoutException: KeeperErrorCode = OperationTimeout
	at com.dangdang.ddframe.job.reg.zookeeper.ZookeeperRegistryCenter.init(ZookeeperRegistryCenter.java:102)
	... 23 common frames omitted
